<<<<<<< HEAD
Message[302] C:\USERS\RAMI\DESKTOP\MAZESOLVER\PROGRAM.ASM 33 : Register in operand not in bank 0.  Ensure that bank bits are correct.
Message[302] C:\USERS\RAMI\DESKTOP\MAZESOLVER\PROGRAM.ASM 41 : Register in operand not in bank 0.  Ensure that bank bits are correct.
Message[302] C:\USERS\RAMI\DESKTOP\MAZESOLVER\PROGRAM.ASM 44 : Register in operand not in bank 0.  Ensure that bank bits are correct.
Warning[203] C:\USERS\RAMI\DESKTOP\MAZESOLVER\PROGRAM.ASM 102 : Found opcode in column 1. (BSF)
Warning[203] C:\USERS\RAMI\DESKTOP\MAZESOLVER\PROGRAM.ASM 103 : Found opcode in column 1. (BSF)
Warning[203] C:\USERS\RAMI\DESKTOP\MAZESOLVER\PROGRAM.ASM 210 : Found opcode in column 1. (GOTO)
Warning[203] C:\USERS\RAMI\DESKTOP\MAZESOLVER\PROGRAM.ASM 217 : Found opcode in column 1. (GOTO)
Warning[203] C:\USERS\RAMI\DESKTOP\MAZESOLVER\PROGRAM.ASM 223 : Found opcode in column 1. (GOTO)
Message[305] C:\USERS\RAMI\DESKTOP\MAZESOLVER\PROGRAM.ASM 525 : Using default destination of 1 (file).
Message[305] C:\USERS\RAMI\DESKTOP\MAZESOLVER\PROGRAM.ASM 562 : Using default destination of 1 (file).
Message[305] C:\USERS\RAMI\DESKTOP\MAZESOLVER\PROGRAM.ASM 563 : Using default destination of 1 (file).
Message[305] C:\USERS\RAMI\DESKTOP\MAZESOLVER\PROGRAM.ASM 587 : Using default destination of 1 (file).
Message[305] C:\USERS\RAMI\DESKTOP\MAZESOLVER\PROGRAM.ASM 588 : Using default destination of 1 (file).
Warning[205] C:\USERS\RAMI\DESKTOP\MAZESOLVER\PROGRAM.ASM 593 : Found directive in column 1. (END)
=======
Message[302] C:\USERS\LRAKL\DOCUMENTS\AUB\EECE 321L\MAZE SOLVER PROJECT\ASSEMBLYMAZESOLVER-MASTER\PROGRAM.ASM 34 : Register in operand not in bank 0.  Ensure that bank bits are correct.
Message[302] C:\USERS\LRAKL\DOCUMENTS\AUB\EECE 321L\MAZE SOLVER PROJECT\ASSEMBLYMAZESOLVER-MASTER\PROGRAM.ASM 42 : Register in operand not in bank 0.  Ensure that bank bits are correct.
Message[302] C:\USERS\LRAKL\DOCUMENTS\AUB\EECE 321L\MAZE SOLVER PROJECT\ASSEMBLYMAZESOLVER-MASTER\PROGRAM.ASM 45 : Register in operand not in bank 0.  Ensure that bank bits are correct.
Message[305] C:\USERS\LRAKL\DOCUMENTS\AUB\EECE 321L\MAZE SOLVER PROJECT\ASSEMBLYMAZESOLVER-MASTER\PROGRAM.ASM 431 : Using default destination of 1 (file).
Message[305] C:\USERS\LRAKL\DOCUMENTS\AUB\EECE 321L\MAZE SOLVER PROJECT\ASSEMBLYMAZESOLVER-MASTER\PROGRAM.ASM 433 : Using default destination of 1 (file).
Message[305] C:\USERS\LRAKL\DOCUMENTS\AUB\EECE 321L\MAZE SOLVER PROJECT\ASSEMBLYMAZESOLVER-MASTER\PROGRAM.ASM 434 : Using default destination of 1 (file).
Message[305] C:\USERS\LRAKL\DOCUMENTS\AUB\EECE 321L\MAZE SOLVER PROJECT\ASSEMBLYMAZESOLVER-MASTER\PROGRAM.ASM 458 : Using default destination of 1 (file).
Message[305] C:\USERS\LRAKL\DOCUMENTS\AUB\EECE 321L\MAZE SOLVER PROJECT\ASSEMBLYMAZESOLVER-MASTER\PROGRAM.ASM 472 : Using default destination of 1 (file).
Message[305] C:\USERS\LRAKL\DOCUMENTS\AUB\EECE 321L\MAZE SOLVER PROJECT\ASSEMBLYMAZESOLVER-MASTER\PROGRAM.ASM 474 : Using default destination of 1 (file).
Message[305] C:\USERS\LRAKL\DOCUMENTS\AUB\EECE 321L\MAZE SOLVER PROJECT\ASSEMBLYMAZESOLVER-MASTER\PROGRAM.ASM 475 : Using default destination of 1 (file).
Message[305] C:\USERS\LRAKL\DOCUMENTS\AUB\EECE 321L\MAZE SOLVER PROJECT\ASSEMBLYMAZESOLVER-MASTER\PROGRAM.ASM 655 : Using default destination of 1 (file).
Message[305] C:\USERS\LRAKL\DOCUMENTS\AUB\EECE 321L\MAZE SOLVER PROJECT\ASSEMBLYMAZESOLVER-MASTER\PROGRAM.ASM 710 : Using default destination of 1 (file).
Message[305] C:\USERS\LRAKL\DOCUMENTS\AUB\EECE 321L\MAZE SOLVER PROJECT\ASSEMBLYMAZESOLVER-MASTER\PROGRAM.ASM 711 : Using default destination of 1 (file).
Warning[205] C:\USERS\LRAKL\DOCUMENTS\AUB\EECE 321L\MAZE SOLVER PROJECT\ASSEMBLYMAZESOLVER-MASTER\PROGRAM.ASM 717 : Found directive in column 1. (END)
>>>>>>> 9db7dba43fa4b4565825e774ae74b0d8d1819331
